# Logfile created on 2014-08-03 10:07:44 -0500 by logger.rb/41954
I, [2014-08-03T10:07:44.422210 #57258]  INFO -- : 0:  blankslate (2.1.2.4) from /Users/trek/.gem/ruby/2.0.0/specifications/blankslate-2.1.2.4.gemspec
I, [2014-08-03T10:07:44.422666 #57258]  INFO -- : 0:  timers (1.1.0) from /Users/trek/.gem/ruby/2.0.0/specifications/timers-1.1.0.gemspec
I, [2014-08-03T10:07:44.423100 #57258]  INFO -- : 0:  celluloid (0.15.2) from /Users/trek/.gem/ruby/2.0.0/specifications/celluloid-0.15.2.gemspec
I, [2014-08-03T10:07:44.423445 #57258]  INFO -- : 0:  fast-stemmer (1.0.2) from /Users/trek/.gem/ruby/2.0.0/specifications/fast-stemmer-1.0.2.gemspec
I, [2014-08-03T10:07:44.423793 #57258]  INFO -- : 0:  classifier (1.3.4) from /Users/trek/.gem/ruby/2.0.0/specifications/classifier-1.3.4.gemspec
I, [2014-08-03T10:07:45.705410 #57258]  INFO -- : 0:  coffee-script-source (1.7.1) from /Users/trek/.gem/ruby/2.0.0/specifications/coffee-script-source-1.7.1.gemspec
I, [2014-08-03T10:07:46.406148 #57258]  INFO -- : 0:  execjs (2.2.1) from /Users/trek/.gem/ruby/2.0.0/specifications/execjs-2.2.1.gemspec
I, [2014-08-03T10:07:47.351490 #57258]  INFO -- : 0:  coffee-script (2.3.0) from /Users/trek/.gem/ruby/2.0.0/specifications/coffee-script-2.3.0.gemspec
I, [2014-08-03T10:07:47.351976 #57258]  INFO -- : 0:  colorator (0.1) from /Users/trek/.gem/ruby/2.0.0/specifications/colorator-0.1.gemspec
I, [2014-08-03T10:07:47.352308 #57258]  INFO -- : 0:  ffi (1.9.3) from /Users/trek/.gem/ruby/2.0.0/specifications/ffi-1.9.3.gemspec
I, [2014-08-03T10:07:47.352624 #57258]  INFO -- : 0:  jekyll-coffeescript (1.0.0) from /Users/trek/.gem/ruby/2.0.0/specifications/jekyll-coffeescript-1.0.0.gemspec
I, [2014-08-03T10:07:47.352942 #57258]  INFO -- : 0:  jekyll-gist (1.1.0) from /Users/trek/.gem/ruby/2.0.0/specifications/jekyll-gist-1.1.0.gemspec
I, [2014-08-03T10:07:47.353262 #57258]  INFO -- : 0:  jekyll-paginate (1.0.0) from /Users/trek/.gem/ruby/2.0.0/specifications/jekyll-paginate-1.0.0.gemspec
I, [2014-08-03T10:07:48.416240 #57258]  INFO -- : 0:  sass (3.3.14) from /Users/trek/.gem/ruby/2.0.0/specifications/sass-3.3.14.gemspec
I, [2014-08-03T10:07:48.416951 #57258]  INFO -- : 0:  jekyll-sass-converter (1.2.0) from /Users/trek/.gem/ruby/2.0.0/specifications/jekyll-sass-converter-1.2.0.gemspec
I, [2014-08-03T10:07:48.417465 #57258]  INFO -- : 0:  rb-fsevent (0.9.4) from /Users/trek/.gem/ruby/2.0.0/specifications/rb-fsevent-0.9.4.gemspec
I, [2014-08-03T10:07:49.638478 #57258]  INFO -- : 0:  rb-inotify (0.9.5) from /Users/trek/.gem/ruby/2.0.0/specifications/rb-inotify-0.9.5.gemspec
I, [2014-08-03T10:07:49.639159 #57258]  INFO -- : 0:  listen (2.7.9) from /Users/trek/.gem/ruby/2.0.0/specifications/listen-2.7.9.gemspec
I, [2014-08-03T10:07:49.639636 #57258]  INFO -- : 0:  jekyll-watch (1.0.0) from /Users/trek/.gem/ruby/2.0.0/specifications/jekyll-watch-1.0.0.gemspec
I, [2014-08-03T10:07:51.284848 #57258]  INFO -- : 0:  kramdown (1.4.1) from /Users/trek/.gem/ruby/2.0.0/specifications/kramdown-1.4.1.gemspec
I, [2014-08-03T10:07:51.285533 #57258]  INFO -- : 0:  liquid (2.6.1) from /Users/trek/.gem/ruby/2.0.0/specifications/liquid-2.6.1.gemspec
I, [2014-08-03T10:07:51.286077 #57258]  INFO -- : 0:  mercenary (0.3.4) from /Users/trek/.gem/ruby/2.0.0/specifications/mercenary-0.3.4.gemspec
I, [2014-08-03T10:07:52.990934 #57258]  INFO -- : 0:  posix-spawn (0.3.9) from /Users/trek/.gem/ruby/2.0.0/specifications/posix-spawn-0.3.9.gemspec
I, [2014-08-03T10:07:52.991649 #57258]  INFO -- : 0:  yajl-ruby (1.1.0) from /Users/trek/.gem/ruby/2.0.0/specifications/yajl-ruby-1.1.0.gemspec
I, [2014-08-03T10:07:52.991995 #57258]  INFO -- : 0:  pygments.rb (0.6.0) from /Users/trek/.gem/ruby/2.0.0/specifications/pygments.rb-0.6.0.gemspec
I, [2014-08-03T10:07:52.992355 #57258]  INFO -- : 0:  redcarpet (3.1.2) from /Users/trek/.gem/ruby/2.0.0/specifications/redcarpet-3.1.2.gemspec
I, [2014-08-03T10:07:52.992662 #57258]  INFO -- : 0:  safe_yaml (1.0.3) from /Users/trek/.gem/ruby/2.0.0/specifications/safe_yaml-1.0.3.gemspec
I, [2014-08-03T10:07:52.992959 #57258]  INFO -- : 0:  parslet (1.5.0) from /Users/trek/.gem/ruby/2.0.0/specifications/parslet-1.5.0.gemspec
I, [2014-08-03T10:07:52.993302 #57258]  INFO -- : 0:  toml (0.1.1) from /Users/trek/.gem/ruby/2.0.0/specifications/toml-0.1.1.gemspec
I, [2014-08-03T10:07:52.993663 #57258]  INFO -- : 0:  jekyll (2.2.0) from /Users/trek/.gem/ruby/2.0.0/specifications/jekyll-2.2.0.gemspec
I, [2014-08-03T10:07:52.994157 #57258]  INFO -- : 0:  bundler (1.5.0) from /Users/trek/.gem/ruby/2.0.0/specifications/bundler-1.5.0.gemspec
